{"/Users/erikkostashuk/Documents/GitHub/keycaser/src/index.ts": {"path":"/Users/erikkostashuk/Documents/GitHub/keycaser/src/index.ts","statementMap":{"0":{"start":{"line":13,"column":0},"end":{"line":13,"column":16}},"1":{"start":{"line":32,"column":0},"end":{"line":32,"column":16}},"2":{"start":{"line":2,"column":2},"end":{"line":2,"column":71}},"3":{"start":{"line":2,"column":49},"end":{"line":2,"column":69}},"4":{"start":{"line":6,"column":2},"end":{"line":6,"column":89}},"5":{"start":{"line":6,"column":43},"end":{"line":6,"column":69}},"6":{"start":{"line":10,"column":2},"end":{"line":10,"column":78}},"7":{"start":{"line":14,"column":2},"end":{"line":16,"column":3}},"8":{"start":{"line":15,"column":4},"end":{"line":15,"column":50}},"9":{"start":{"line":15,"column":29},"end":{"line":15,"column":48}},"10":{"start":{"line":18,"column":2},"end":{"line":27,"column":3}},"11":{"start":{"line":19,"column":40},"end":{"line":19,"column":42}},"12":{"start":{"line":20,"column":4},"end":{"line":25,"column":5}},"13":{"start":{"line":21,"column":6},"end":{"line":24,"column":7}},"14":{"start":{"line":22,"column":25},"end":{"line":22,"column":41}},"15":{"start":{"line":23,"column":8},"end":{"line":23,"column":53}},"16":{"start":{"line":26,"column":4},"end":{"line":26,"column":18}},"17":{"start":{"line":29,"column":2},"end":{"line":29,"column":15}},"18":{"start":{"line":33,"column":2},"end":{"line":35,"column":3}},"19":{"start":{"line":34,"column":4},"end":{"line":34,"column":50}},"20":{"start":{"line":34,"column":29},"end":{"line":34,"column":48}},"21":{"start":{"line":37,"column":2},"end":{"line":46,"column":3}},"22":{"start":{"line":38,"column":40},"end":{"line":38,"column":42}},"23":{"start":{"line":39,"column":4},"end":{"line":44,"column":5}},"24":{"start":{"line":40,"column":6},"end":{"line":43,"column":7}},"25":{"start":{"line":41,"column":25},"end":{"line":41,"column":41}},"26":{"start":{"line":42,"column":8},"end":{"line":42,"column":53}},"27":{"start":{"line":45,"column":4},"end":{"line":45,"column":18}},"28":{"start":{"line":48,"column":2},"end":{"line":48,"column":15}}},"fnMap":{"0":{"name":"toCamelCase","decl":{"start":{"line":1,"column":9},"end":{"line":1,"column":20}},"loc":{"start":{"line":1,"column":32},"end":{"line":3,"column":1}}},"1":{"name":"(anonymous_1)","decl":{"start":{"line":2,"column":34},"end":{"line":2,"column":35}},"loc":{"start":{"line":2,"column":49},"end":{"line":2,"column":69}}},"2":{"name":"toSnakeCase","decl":{"start":{"line":5,"column":9},"end":{"line":5,"column":20}},"loc":{"start":{"line":5,"column":32},"end":{"line":7,"column":1}}},"3":{"name":"(anonymous_3)","decl":{"start":{"line":6,"column":31},"end":{"line":6,"column":32}},"loc":{"start":{"line":6,"column":43},"end":{"line":6,"column":69}}},"4":{"name":"isObject","decl":{"start":{"line":9,"column":9},"end":{"line":9,"column":17}},"loc":{"start":{"line":9,"column":28},"end":{"line":11,"column":1}}},"5":{"name":"camelCaseKeys","decl":{"start":{"line":13,"column":16},"end":{"line":13,"column":29}},"loc":{"start":{"line":13,"column":40},"end":{"line":30,"column":1}}},"6":{"name":"(anonymous_6)","decl":{"start":{"line":15,"column":21},"end":{"line":15,"column":25}},"loc":{"start":{"line":15,"column":29},"end":{"line":15,"column":48}}},"7":{"name":"snakeCaseKeys","decl":{"start":{"line":32,"column":16},"end":{"line":32,"column":29}},"loc":{"start":{"line":32,"column":40},"end":{"line":49,"column":1}}},"8":{"name":"(anonymous_8)","decl":{"start":{"line":34,"column":21},"end":{"line":34,"column":25}},"loc":{"start":{"line":34,"column":29},"end":{"line":34,"column":48}}}},"branchMap":{"0":{"loc":{"start":{"line":10,"column":9},"end":{"line":10,"column":77}},"type":"binary-expr","locations":[{"start":{"line":10,"column":9},"end":{"line":10,"column":23}},{"start":{"line":10,"column":27},"end":{"line":10,"column":52}},{"start":{"line":10,"column":56},"end":{"line":10,"column":77}}]},"1":{"loc":{"start":{"line":14,"column":2},"end":{"line":16,"column":3}},"type":"if","locations":[{"start":{"line":14,"column":2},"end":{"line":16,"column":3}},{"start":{},"end":{}}]},"2":{"loc":{"start":{"line":18,"column":2},"end":{"line":27,"column":3}},"type":"if","locations":[{"start":{"line":18,"column":2},"end":{"line":27,"column":3}},{"start":{},"end":{}}]},"3":{"loc":{"start":{"line":21,"column":6},"end":{"line":24,"column":7}},"type":"if","locations":[{"start":{"line":21,"column":6},"end":{"line":24,"column":7}},{"start":{},"end":{}}]},"4":{"loc":{"start":{"line":33,"column":2},"end":{"line":35,"column":3}},"type":"if","locations":[{"start":{"line":33,"column":2},"end":{"line":35,"column":3}},{"start":{},"end":{}}]},"5":{"loc":{"start":{"line":37,"column":2},"end":{"line":46,"column":3}},"type":"if","locations":[{"start":{"line":37,"column":2},"end":{"line":46,"column":3}},{"start":{},"end":{}}]},"6":{"loc":{"start":{"line":40,"column":6},"end":{"line":43,"column":7}},"type":"if","locations":[{"start":{"line":40,"column":6},"end":{"line":43,"column":7}},{"start":{},"end":{}}]}},"s":{"0":1,"1":1,"2":24,"3":23,"4":27,"5":37,"6":88,"7":46,"8":4,"9":9,"10":42,"11":15,"12":15,"13":24,"14":24,"15":24,"16":15,"17":27,"18":50,"19":4,"20":9,"21":46,"22":16,"23":16,"24":27,"25":27,"26":27,"27":16,"28":30},"f":{"0":24,"1":23,"2":27,"3":37,"4":88,"5":46,"6":9,"7":50,"8":9},"b":{"0":[88,84,31],"1":[4,42],"2":[15,27],"3":[24,0],"4":[4,46],"5":[16,30],"6":[27,0]}}
}
