TN:
SF:src/index.ts
FN:1,toCamelCase
FN:2,(anonymous_1)
FN:5,toSnakeCase
FN:6,(anonymous_3)
FN:9,isObject
FN:13,camelCaseKeys
FN:15,(anonymous_6)
FN:32,snakeCaseKeys
FN:34,(anonymous_8)
FNF:9
FNH:9
FNDA:24,toCamelCase
FNDA:23,(anonymous_1)
FNDA:27,toSnakeCase
FNDA:37,(anonymous_3)
FNDA:88,isObject
FNDA:46,camelCaseKeys
FNDA:9,(anonymous_6)
FNDA:50,snakeCaseKeys
FNDA:9,(anonymous_8)
DA:2,24
DA:6,37
DA:10,88
DA:13,1
DA:14,46
DA:15,9
DA:18,42
DA:19,15
DA:20,15
DA:21,24
DA:22,24
DA:23,24
DA:26,15
DA:29,27
DA:32,1
DA:33,50
DA:34,9
DA:37,46
DA:38,16
DA:39,16
DA:40,27
DA:41,27
DA:42,27
DA:45,16
DA:48,30
LF:25
LH:25
BRDA:10,0,0,88
BRDA:10,0,1,84
BRDA:10,0,2,31
BRDA:14,1,0,4
BRDA:14,1,1,42
BRDA:18,2,0,15
BRDA:18,2,1,27
BRDA:21,3,0,24
BRDA:21,3,1,0
BRDA:33,4,0,4
BRDA:33,4,1,46
BRDA:37,5,0,16
BRDA:37,5,1,30
BRDA:40,6,0,27
BRDA:40,6,1,0
BRF:15
BRH:13
end_of_record
